mode: set
github.com/melatonein5/DirHash/src/args/hash_algorithm.go:6.56,7.26 1 1
github.com/melatonein5/DirHash/src/args/hash_algorithm.go:8.13,9.11 1 1
github.com/melatonein5/DirHash/src/args/hash_algorithm.go:10.14,11.11 1 1
github.com/melatonein5/DirHash/src/args/hash_algorithm.go:12.16,13.11 1 1
github.com/melatonein5/DirHash/src/args/hash_algorithm.go:14.16,15.11 1 1
github.com/melatonein5/DirHash/src/args/hash_algorithm.go:16.10,17.12 1 1
github.com/melatonein5/DirHash/src/args/hash_algorithm.go:22.44,24.22 1 0
github.com/melatonein5/DirHash/src/args/hash_algorithm.go:24.22,26.3 1 0
github.com/melatonein5/DirHash/src/args/hash_algorithm.go:27.2,27.12 1 0
github.com/melatonein5/DirHash/src/args/parse_args.go:8.48,26.30 11 1
github.com/melatonein5/DirHash/src/args/parse_args.go:26.30,28.27 1 1
github.com/melatonein5/DirHash/src/args/parse_args.go:28.27,29.22 1 1
github.com/melatonein5/DirHash/src/args/parse_args.go:30.29,33.30 2 1
github.com/melatonein5/DirHash/src/args/parse_args.go:33.30,35.6 1 1
github.com/melatonein5/DirHash/src/args/parse_args.go:36.5,38.11 2 1
github.com/melatonein5/DirHash/src/args/parse_args.go:39.26,42.30 2 1
github.com/melatonein5/DirHash/src/args/parse_args.go:42.30,44.6 1 1
github.com/melatonein5/DirHash/src/args/parse_args.go:45.5,47.11 2 1
github.com/melatonein5/DirHash/src/args/parse_args.go:48.29,51.65 1 1
github.com/melatonein5/DirHash/src/args/parse_args.go:51.65,55.18 3 1
github.com/melatonein5/DirHash/src/args/parse_args.go:55.18,57.7 1 1
github.com/melatonein5/DirHash/src/args/parse_args.go:58.6,60.11 2 1
github.com/melatonein5/DirHash/src/args/parse_args.go:63.5,63.8 1 1
github.com/melatonein5/DirHash/src/args/parse_args.go:64.28,68.8 2 1
github.com/melatonein5/DirHash/src/args/parse_args.go:69.26,72.30 2 1
github.com/melatonein5/DirHash/src/args/parse_args.go:72.30,74.6 1 1
github.com/melatonein5/DirHash/src/args/parse_args.go:75.5,76.73 2 1
github.com/melatonein5/DirHash/src/args/parse_args.go:76.73,78.6 1 1
github.com/melatonein5/DirHash/src/args/parse_args.go:79.5,81.11 2 1
github.com/melatonein5/DirHash/src/args/parse_args.go:82.24,86.8 2 1
github.com/melatonein5/DirHash/src/args/parse_args.go:87.12,88.59 1 1
github.com/melatonein5/DirHash/src/args/parse_args.go:90.9,92.4 1 1
github.com/melatonein5/DirHash/src/args/parse_args.go:96.2,96.30 1 1
github.com/melatonein5/DirHash/src/args/parse_args.go:96.30,99.3 2 1
github.com/melatonein5/DirHash/src/args/parse_args.go:102.2,102.38 1 1
github.com/melatonein5/DirHash/src/args/parse_args.go:102.38,105.3 2 1
github.com/melatonein5/DirHash/src/args/parse_args.go:107.2,107.18 1 1
github.com/melatonein5/DirHash/src/cmdline/help.go:5.18,29.2 2 1
github.com/melatonein5/DirHash/src/cmdline/output_files.go:14.42,15.24 1 1
github.com/melatonein5/DirHash/src/cmdline/output_files.go:15.24,18.3 2 1
github.com/melatonein5/DirHash/src/cmdline/output_files.go:21.2,27.29 3 1
github.com/melatonein5/DirHash/src/cmdline/output_files.go:27.29,28.25 1 1
github.com/melatonein5/DirHash/src/cmdline/output_files.go:28.25,31.4 1 1
github.com/melatonein5/DirHash/src/cmdline/output_files.go:31.9,34.35 2 1
github.com/melatonein5/DirHash/src/cmdline/output_files.go:34.35,36.5 1 1
github.com/melatonein5/DirHash/src/cmdline/output_files.go:37.4,40.39 2 1
github.com/melatonein5/DirHash/src/cmdline/output_files.go:40.39,42.5 1 1
github.com/melatonein5/DirHash/src/cmdline/output_files.go:47.2,47.11 1 1
github.com/melatonein5/DirHash/src/cmdline/output_files.go:51.51,52.24 1 1
github.com/melatonein5/DirHash/src/cmdline/output_files.go:52.24,55.3 2 1
github.com/melatonein5/DirHash/src/cmdline/output_files.go:58.2,63.29 3 1
github.com/melatonein5/DirHash/src/cmdline/output_files.go:63.29,64.25 1 1
github.com/melatonein5/DirHash/src/cmdline/output_files.go:64.25,66.4 1 0
github.com/melatonein5/DirHash/src/cmdline/output_files.go:66.9,69.35 2 1
github.com/melatonein5/DirHash/src/cmdline/output_files.go:69.35,71.5 1 1
github.com/melatonein5/DirHash/src/cmdline/output_files.go:72.4,76.39 3 1
github.com/melatonein5/DirHash/src/cmdline/output_files.go:76.39,78.5 1 1
github.com/melatonein5/DirHash/src/cmdline/output_files.go:80.4,80.100 1 1
github.com/melatonein5/DirHash/src/cmdline/output_files.go:85.2,85.11 1 1
github.com/melatonein5/DirHash/src/cmdline/output_files.go:89.45,90.24 1 1
github.com/melatonein5/DirHash/src/cmdline/output_files.go:90.24,93.3 2 1
github.com/melatonein5/DirHash/src/cmdline/output_files.go:96.2,101.29 3 1
github.com/melatonein5/DirHash/src/cmdline/output_files.go:101.29,110.3 5 1
github.com/melatonein5/DirHash/src/cmdline/output_files.go:113.2,113.11 1 1
github.com/melatonein5/DirHash/src/cmdline/output_files.go:117.68,118.46 1 1
github.com/melatonein5/DirHash/src/cmdline/output_files.go:118.46,120.3 1 1
github.com/melatonein5/DirHash/src/cmdline/output_files.go:121.2,121.14 1 1
github.com/melatonein5/DirHash/src/files/enumerate_files.go:10.50,14.81 2 1
github.com/melatonein5/DirHash/src/files/enumerate_files.go:14.81,15.17 1 1
github.com/melatonein5/DirHash/src/files/enumerate_files.go:15.17,18.19 2 1
github.com/melatonein5/DirHash/src/files/enumerate_files.go:18.19,20.5 1 1
github.com/melatonein5/DirHash/src/files/enumerate_files.go:22.4,22.14 1 0
github.com/melatonein5/DirHash/src/files/enumerate_files.go:26.3,26.20 1 1
github.com/melatonein5/DirHash/src/files/enumerate_files.go:26.20,29.4 2 1
github.com/melatonein5/DirHash/src/files/enumerate_files.go:30.3,30.13 1 1
github.com/melatonein5/DirHash/src/files/enumerate_files.go:33.2,33.16 1 1
github.com/melatonein5/DirHash/src/files/enumerate_files.go:33.16,35.3 1 1
github.com/melatonein5/DirHash/src/files/enumerate_files.go:37.2,37.19 1 1
github.com/melatonein5/DirHash/src/files/file.go:23.65,31.2 1 1
github.com/melatonein5/DirHash/src/files/file.go:40.47,47.2 1 1
github.com/melatonein5/DirHash/src/files/hash_files.go:18.65,19.21 1 1
github.com/melatonein5/DirHash/src/files/hash_files.go:19.21,21.3 1 1
github.com/melatonein5/DirHash/src/files/hash_files.go:24.2,25.48 2 1
github.com/melatonein5/DirHash/src/files/hash_files.go:25.48,27.3 1 1
github.com/melatonein5/DirHash/src/files/hash_files.go:30.2,32.33 3 1
github.com/melatonein5/DirHash/src/files/hash_files.go:32.33,33.46 1 1
github.com/melatonein5/DirHash/src/files/hash_files.go:33.46,36.4 2 1
github.com/melatonein5/DirHash/src/files/hash_files.go:36.9,38.4 1 1
github.com/melatonein5/DirHash/src/files/hash_files.go:41.2,41.26 1 1
github.com/melatonein5/DirHash/src/files/hash_files.go:41.26,43.3 1 1
github.com/melatonein5/DirHash/src/files/hash_files.go:46.2,47.29 2 1
github.com/melatonein5/DirHash/src/files/hash_files.go:47.29,49.3 1 1
github.com/melatonein5/DirHash/src/files/hash_files.go:52.2,58.34 5 1
github.com/melatonein5/DirHash/src/files/hash_files.go:58.34,61.3 2 1
github.com/melatonein5/DirHash/src/files/hash_files.go:64.2,64.12 1 1
github.com/melatonein5/DirHash/src/files/hash_files.go:64.12,65.30 1 1
github.com/melatonein5/DirHash/src/files/hash_files.go:65.30,67.4 1 1
github.com/melatonein5/DirHash/src/files/hash_files.go:68.3,68.18 1 1
github.com/melatonein5/DirHash/src/files/hash_files.go:72.2,72.12 1 1
github.com/melatonein5/DirHash/src/files/hash_files.go:72.12,76.3 3 1
github.com/melatonein5/DirHash/src/files/hash_files.go:79.2,82.6 3 1
github.com/melatonein5/DirHash/src/files/hash_files.go:82.6,83.10 1 1
github.com/melatonein5/DirHash/src/files/hash_files.go:84.33,85.11 1 1
github.com/melatonein5/DirHash/src/files/hash_files.go:85.11,87.5 1 1
github.com/melatonein5/DirHash/src/files/hash_files.go:87.10,89.5 1 1
github.com/melatonein5/DirHash/src/files/hash_files.go:90.31,91.11 1 1
github.com/melatonein5/DirHash/src/files/hash_files.go:91.11,93.5 1 1
github.com/melatonein5/DirHash/src/files/hash_files.go:93.10,93.25 1 1
github.com/melatonein5/DirHash/src/files/hash_files.go:93.25,95.5 1 1
github.com/melatonein5/DirHash/src/files/hash_files.go:98.3,98.44 1 1
github.com/melatonein5/DirHash/src/files/hash_files.go:98.44,99.9 1 1
github.com/melatonein5/DirHash/src/files/hash_files.go:104.2,104.21 1 1
github.com/melatonein5/DirHash/src/files/hash_files.go:104.21,106.3 1 1
github.com/melatonein5/DirHash/src/files/hash_files.go:108.2,108.20 1 1
github.com/melatonein5/DirHash/src/files/hash_files.go:112.147,115.29 2 1
github.com/melatonein5/DirHash/src/files/hash_files.go:115.29,116.73 1 1
github.com/melatonein5/DirHash/src/files/hash_files.go:116.73,119.12 3 1
github.com/melatonein5/DirHash/src/files/hash_files.go:121.3,121.21 1 1
github.com/melatonein5/DirHash/src/files/hash_files.go:126.81,129.16 2 1
github.com/melatonein5/DirHash/src/files/hash_files.go:129.16,131.3 1 1
github.com/melatonein5/DirHash/src/files/hash_files.go:132.2,138.34 4 1
github.com/melatonein5/DirHash/src/files/hash_files.go:138.34,139.15 1 1
github.com/melatonein5/DirHash/src/files/hash_files.go:140.10,141.26 1 1
github.com/melatonein5/DirHash/src/files/hash_files.go:142.10,143.27 1 1
github.com/melatonein5/DirHash/src/files/hash_files.go:144.10,145.29 1 1
github.com/melatonein5/DirHash/src/files/hash_files.go:146.10,147.29 1 1
github.com/melatonein5/DirHash/src/files/hash_files.go:148.11,149.56 1 0
github.com/melatonein5/DirHash/src/files/hash_files.go:151.3,151.26 1 1
github.com/melatonein5/DirHash/src/files/hash_files.go:155.2,158.51 2 1
github.com/melatonein5/DirHash/src/files/hash_files.go:158.51,160.3 1 0
github.com/melatonein5/DirHash/src/files/hash_files.go:163.2,163.33 1 1
github.com/melatonein5/DirHash/src/files/hash_files.go:163.33,165.3 1 1
github.com/melatonein5/DirHash/src/files/hash_files.go:167.2,167.12 1 1
github.com/melatonein5/DirHash/src/files/write_output.go:11.58,14.16 2 1
github.com/melatonein5/DirHash/src/files/write_output.go:14.16,16.3 1 1
github.com/melatonein5/DirHash/src/files/write_output.go:17.2,25.45 5 1
github.com/melatonein5/DirHash/src/files/write_output.go:25.45,27.3 1 0
github.com/melatonein5/DirHash/src/files/write_output.go:30.2,30.26 1 1
github.com/melatonein5/DirHash/src/files/write_output.go:30.26,31.25 1 1
github.com/melatonein5/DirHash/src/files/write_output.go:31.25,34.47 2 1
github.com/melatonein5/DirHash/src/files/write_output.go:34.47,36.5 1 0
github.com/melatonein5/DirHash/src/files/write_output.go:37.9,40.35 2 1
github.com/melatonein5/DirHash/src/files/write_output.go:40.35,42.5 1 1
github.com/melatonein5/DirHash/src/files/write_output.go:43.4,46.39 2 1
github.com/melatonein5/DirHash/src/files/write_output.go:46.39,54.48 2 1
github.com/melatonein5/DirHash/src/files/write_output.go:54.48,56.6 1 0
github.com/melatonein5/DirHash/src/files/write_output.go:61.2,61.12 1 1
github.com/melatonein5/DirHash/src/files/write_output.go:65.67,67.16 2 1
github.com/melatonein5/DirHash/src/files/write_output.go:67.16,69.3 1 0
github.com/melatonein5/DirHash/src/files/write_output.go:70.2,77.26 5 1
github.com/melatonein5/DirHash/src/files/write_output.go:77.26,78.34 1 1
github.com/melatonein5/DirHash/src/files/write_output.go:78.34,80.4 1 1
github.com/melatonein5/DirHash/src/files/write_output.go:84.2,85.36 2 1
github.com/melatonein5/DirHash/src/files/write_output.go:85.36,87.3 1 1
github.com/melatonein5/DirHash/src/files/write_output.go:88.2,92.37 3 1
github.com/melatonein5/DirHash/src/files/write_output.go:92.37,94.3 1 1
github.com/melatonein5/DirHash/src/files/write_output.go:95.2,95.45 1 1
github.com/melatonein5/DirHash/src/files/write_output.go:95.45,97.3 1 0
github.com/melatonein5/DirHash/src/files/write_output.go:100.2,100.26 1 1
github.com/melatonein5/DirHash/src/files/write_output.go:100.26,104.38 2 1
github.com/melatonein5/DirHash/src/files/write_output.go:104.38,105.50 1 1
github.com/melatonein5/DirHash/src/files/write_output.go:105.50,107.5 1 1
github.com/melatonein5/DirHash/src/files/write_output.go:107.10,109.5 1 1
github.com/melatonein5/DirHash/src/files/write_output.go:112.3,112.46 1 1
github.com/melatonein5/DirHash/src/files/write_output.go:112.46,114.4 1 0
github.com/melatonein5/DirHash/src/files/write_output.go:117.2,117.12 1 1
github.com/melatonein5/DirHash/src/files/write_output.go:121.64,123.16 2 1
github.com/melatonein5/DirHash/src/files/write_output.go:123.16,125.3 1 0
github.com/melatonein5/DirHash/src/files/write_output.go:126.2,133.45 5 1
github.com/melatonein5/DirHash/src/files/write_output.go:133.45,135.3 1 0
github.com/melatonein5/DirHash/src/files/write_output.go:138.2,138.26 1 1
github.com/melatonein5/DirHash/src/files/write_output.go:138.26,149.46 2 1
github.com/melatonein5/DirHash/src/files/write_output.go:149.46,151.4 1 0
github.com/melatonein5/DirHash/src/files/write_output.go:154.2,154.12 1 1
github.com/melatonein5/DirHash/src/files/write_output.go:158.71,159.46 1 1
github.com/melatonein5/DirHash/src/files/write_output.go:159.46,161.3 1 1
github.com/melatonein5/DirHash/src/files/write_output.go:162.2,162.11 1 1
