mode: set
github.com/melatonein5/DirHash/src/args/hash_algorithm.go:6.56,7.26 1 1
github.com/melatonein5/DirHash/src/args/hash_algorithm.go:8.13,9.11 1 1
github.com/melatonein5/DirHash/src/args/hash_algorithm.go:10.14,11.11 1 1
github.com/melatonein5/DirHash/src/args/hash_algorithm.go:12.16,13.11 1 1
github.com/melatonein5/DirHash/src/args/hash_algorithm.go:14.16,15.11 1 1
github.com/melatonein5/DirHash/src/args/hash_algorithm.go:16.10,17.12 1 1
github.com/melatonein5/DirHash/src/args/hash_algorithm.go:22.44,24.22 1 0
github.com/melatonein5/DirHash/src/args/hash_algorithm.go:24.22,26.3 1 0
github.com/melatonein5/DirHash/src/args/hash_algorithm.go:27.2,27.12 1 0
github.com/melatonein5/DirHash/src/args/parse_args.go:8.48,35.30 20 1
github.com/melatonein5/DirHash/src/args/parse_args.go:35.30,37.27 1 1
github.com/melatonein5/DirHash/src/args/parse_args.go:37.27,38.22 1 1
github.com/melatonein5/DirHash/src/args/parse_args.go:39.29,42.30 2 1
github.com/melatonein5/DirHash/src/args/parse_args.go:42.30,44.6 1 1
github.com/melatonein5/DirHash/src/args/parse_args.go:45.5,47.11 2 1
github.com/melatonein5/DirHash/src/args/parse_args.go:48.26,51.30 2 1
github.com/melatonein5/DirHash/src/args/parse_args.go:51.30,53.6 1 1
github.com/melatonein5/DirHash/src/args/parse_args.go:54.5,56.11 2 1
github.com/melatonein5/DirHash/src/args/parse_args.go:57.29,60.65 1 1
github.com/melatonein5/DirHash/src/args/parse_args.go:60.65,64.18 3 1
github.com/melatonein5/DirHash/src/args/parse_args.go:64.18,66.7 1 1
github.com/melatonein5/DirHash/src/args/parse_args.go:67.6,69.11 2 1
github.com/melatonein5/DirHash/src/args/parse_args.go:72.5,72.8 1 1
github.com/melatonein5/DirHash/src/args/parse_args.go:73.28,77.8 2 1
github.com/melatonein5/DirHash/src/args/parse_args.go:78.26,81.30 2 1
github.com/melatonein5/DirHash/src/args/parse_args.go:81.30,83.6 1 1
github.com/melatonein5/DirHash/src/args/parse_args.go:84.5,85.73 2 1
github.com/melatonein5/DirHash/src/args/parse_args.go:85.73,87.6 1 1
github.com/melatonein5/DirHash/src/args/parse_args.go:88.5,90.11 2 1
github.com/melatonein5/DirHash/src/args/parse_args.go:91.24,94.30 2 1
github.com/melatonein5/DirHash/src/args/parse_args.go:94.30,96.6 1 1
github.com/melatonein5/DirHash/src/args/parse_args.go:97.5,100.11 3 1
github.com/melatonein5/DirHash/src/args/parse_args.go:101.28,104.30 2 1
github.com/melatonein5/DirHash/src/args/parse_args.go:104.30,106.6 1 1
github.com/melatonein5/DirHash/src/args/parse_args.go:107.5,109.11 2 1
github.com/melatonein5/DirHash/src/args/parse_args.go:110.28,114.8 2 1
github.com/melatonein5/DirHash/src/args/parse_args.go:115.23,118.30 2 0
github.com/melatonein5/DirHash/src/args/parse_args.go:118.30,120.6 1 0
github.com/melatonein5/DirHash/src/args/parse_args.go:121.5,124.11 3 0
github.com/melatonein5/DirHash/src/args/parse_args.go:125.22,128.30 2 0
github.com/melatonein5/DirHash/src/args/parse_args.go:128.30,130.6 1 0
github.com/melatonein5/DirHash/src/args/parse_args.go:131.5,133.11 2 0
github.com/melatonein5/DirHash/src/args/parse_args.go:134.27,138.8 2 0
github.com/melatonein5/DirHash/src/args/parse_args.go:139.24,142.65 1 0
github.com/melatonein5/DirHash/src/args/parse_args.go:142.65,146.6 2 0
github.com/melatonein5/DirHash/src/args/parse_args.go:148.5,148.8 1 0
github.com/melatonein5/DirHash/src/args/parse_args.go:149.24,153.8 2 1
github.com/melatonein5/DirHash/src/args/parse_args.go:154.12,155.59 1 1
github.com/melatonein5/DirHash/src/args/parse_args.go:157.9,159.4 1 1
github.com/melatonein5/DirHash/src/args/parse_args.go:163.2,163.30 1 1
github.com/melatonein5/DirHash/src/args/parse_args.go:163.30,166.3 2 1
github.com/melatonein5/DirHash/src/args/parse_args.go:169.2,169.38 1 1
github.com/melatonein5/DirHash/src/args/parse_args.go:169.38,172.3 2 1
github.com/melatonein5/DirHash/src/args/parse_args.go:175.2,175.30 1 1
github.com/melatonein5/DirHash/src/args/parse_args.go:175.30,177.3 1 1
github.com/melatonein5/DirHash/src/args/parse_args.go:179.2,179.18 1 1
github.com/melatonein5/DirHash/src/cmdline/help.go:52.18,119.2 2 1
github.com/melatonein5/DirHash/src/cmdline/output_files.go:14.42,15.24 1 1
github.com/melatonein5/DirHash/src/cmdline/output_files.go:15.24,18.3 2 1
github.com/melatonein5/DirHash/src/cmdline/output_files.go:21.2,27.29 3 1
github.com/melatonein5/DirHash/src/cmdline/output_files.go:27.29,28.25 1 1
github.com/melatonein5/DirHash/src/cmdline/output_files.go:28.25,31.4 1 1
github.com/melatonein5/DirHash/src/cmdline/output_files.go:31.9,34.35 2 1
github.com/melatonein5/DirHash/src/cmdline/output_files.go:34.35,36.5 1 1
github.com/melatonein5/DirHash/src/cmdline/output_files.go:37.4,40.39 2 1
github.com/melatonein5/DirHash/src/cmdline/output_files.go:40.39,42.5 1 1
github.com/melatonein5/DirHash/src/cmdline/output_files.go:47.2,47.11 1 1
github.com/melatonein5/DirHash/src/cmdline/output_files.go:51.51,52.24 1 1
github.com/melatonein5/DirHash/src/cmdline/output_files.go:52.24,55.3 2 1
github.com/melatonein5/DirHash/src/cmdline/output_files.go:58.2,63.29 3 1
github.com/melatonein5/DirHash/src/cmdline/output_files.go:63.29,64.25 1 1
github.com/melatonein5/DirHash/src/cmdline/output_files.go:64.25,66.4 1 0
github.com/melatonein5/DirHash/src/cmdline/output_files.go:66.9,69.35 2 1
github.com/melatonein5/DirHash/src/cmdline/output_files.go:69.35,71.5 1 1
github.com/melatonein5/DirHash/src/cmdline/output_files.go:72.4,76.39 3 1
github.com/melatonein5/DirHash/src/cmdline/output_files.go:76.39,78.5 1 1
github.com/melatonein5/DirHash/src/cmdline/output_files.go:80.4,80.100 1 1
github.com/melatonein5/DirHash/src/cmdline/output_files.go:85.2,85.11 1 1
github.com/melatonein5/DirHash/src/cmdline/output_files.go:89.45,90.24 1 1
github.com/melatonein5/DirHash/src/cmdline/output_files.go:90.24,93.3 2 1
github.com/melatonein5/DirHash/src/cmdline/output_files.go:96.2,101.29 3 1
github.com/melatonein5/DirHash/src/cmdline/output_files.go:101.29,110.3 5 1
github.com/melatonein5/DirHash/src/cmdline/output_files.go:113.2,113.11 1 1
github.com/melatonein5/DirHash/src/cmdline/output_files.go:117.68,118.46 1 1
github.com/melatonein5/DirHash/src/cmdline/output_files.go:118.46,120.3 1 1
github.com/melatonein5/DirHash/src/cmdline/output_files.go:121.2,121.14 1 1
github.com/melatonein5/DirHash/src/yara/yara.go:140.80,141.21 1 1
github.com/melatonein5/DirHash/src/yara/yara.go:141.21,143.3 1 1
github.com/melatonein5/DirHash/src/yara/yara.go:145.2,145.20 1 1
github.com/melatonein5/DirHash/src/yara/yara.go:145.20,147.3 1 0
github.com/melatonein5/DirHash/src/yara/yara.go:150.2,173.18 8 1
github.com/melatonein5/DirHash/src/yara/yara.go:177.110,178.21 1 1
github.com/melatonein5/DirHash/src/yara/yara.go:178.21,180.3 1 1
github.com/melatonein5/DirHash/src/yara/yara.go:182.2,182.20 1 1
github.com/melatonein5/DirHash/src/yara/yara.go:182.20,184.3 1 0
github.com/melatonein5/DirHash/src/yara/yara.go:186.2,199.29 3 1
github.com/melatonein5/DirHash/src/yara/yara.go:199.29,200.38 1 1
github.com/melatonein5/DirHash/src/yara/yara.go:200.38,201.67 1 1
github.com/melatonein5/DirHash/src/yara/yara.go:201.67,208.5 2 1
github.com/melatonein5/DirHash/src/yara/yara.go:212.2,212.28 1 1
github.com/melatonein5/DirHash/src/yara/yara.go:212.28,214.3 1 1
github.com/melatonein5/DirHash/src/yara/yara.go:216.2,217.18 2 1
github.com/melatonein5/DirHash/src/yara/yara.go:221.42,233.21 7 1
github.com/melatonein5/DirHash/src/yara/yara.go:233.21,235.3 1 1
github.com/melatonein5/DirHash/src/yara/yara.go:238.2,238.24 1 1
github.com/melatonein5/DirHash/src/yara/yara.go:238.24,240.33 2 1
github.com/melatonein5/DirHash/src/yara/yara.go:240.33,241.20 1 1
github.com/melatonein5/DirHash/src/yara/yara.go:242.15,243.83 1 1
github.com/melatonein5/DirHash/src/yara/yara.go:244.16,245.83 1 1
github.com/melatonein5/DirHash/src/yara/yara.go:246.17,247.81 1 0
github.com/melatonein5/DirHash/src/yara/yara.go:248.12,249.83 1 0
github.com/melatonein5/DirHash/src/yara/yara.go:255.2,259.25 4 1
github.com/melatonein5/DirHash/src/yara/yara.go:263.60,266.29 2 1
github.com/melatonein5/DirHash/src/yara/yara.go:266.29,271.38 3 1
github.com/melatonein5/DirHash/src/yara/yara.go:271.38,272.67 1 1
github.com/melatonein5/DirHash/src/yara/yara.go:272.67,279.5 2 1
github.com/melatonein5/DirHash/src/yara/yara.go:283.2,283.16 1 1
github.com/melatonein5/DirHash/src/yara/yara.go:287.64,291.29 3 1
github.com/melatonein5/DirHash/src/yara/yara.go:291.29,293.27 2 1
github.com/melatonein5/DirHash/src/yara/yara.go:293.27,301.4 3 1
github.com/melatonein5/DirHash/src/yara/yara.go:304.2,304.16 1 1
github.com/melatonein5/DirHash/src/yara/yara.go:308.57,309.27 1 1
github.com/melatonein5/DirHash/src/yara/yara.go:309.27,311.3 1 1
github.com/melatonein5/DirHash/src/yara/yara.go:313.2,316.34 3 1
github.com/melatonein5/DirHash/src/yara/yara.go:316.34,317.24 1 1
github.com/melatonein5/DirHash/src/yara/yara.go:317.24,319.4 1 1
github.com/melatonein5/DirHash/src/yara/yara.go:319.9,319.53 1 1
github.com/melatonein5/DirHash/src/yara/yara.go:319.53,321.4 1 1
github.com/melatonein5/DirHash/src/yara/yara.go:324.2,326.29 2 1
github.com/melatonein5/DirHash/src/yara/yara.go:326.29,327.31 1 1
github.com/melatonein5/DirHash/src/yara/yara.go:327.31,329.4 1 1
github.com/melatonein5/DirHash/src/yara/yara.go:329.9,331.4 1 1
github.com/melatonein5/DirHash/src/yara/yara.go:334.2,334.33 1 1
github.com/melatonein5/DirHash/src/yara/yara.go:334.33,335.35 1 1
github.com/melatonein5/DirHash/src/yara/yara.go:335.35,337.4 1 1
github.com/melatonein5/DirHash/src/yara/yara.go:337.9,339.4 1 1
github.com/melatonein5/DirHash/src/yara/yara.go:342.2,342.26 1 1
github.com/melatonein5/DirHash/src/yara/yara.go:342.26,344.3 1 0
github.com/melatonein5/DirHash/src/yara/yara.go:344.8,344.33 1 1
github.com/melatonein5/DirHash/src/yara/yara.go:344.33,346.3 1 1
github.com/melatonein5/DirHash/src/yara/yara.go:346.8,348.3 1 1
github.com/melatonein5/DirHash/src/yara/yara.go:352.61,353.27 1 1
github.com/melatonein5/DirHash/src/yara/yara.go:353.27,355.3 1 1
github.com/melatonein5/DirHash/src/yara/yara.go:357.2,358.34 2 1
github.com/melatonein5/DirHash/src/yara/yara.go:358.34,360.3 1 1
github.com/melatonein5/DirHash/src/yara/yara.go:362.2,362.26 1 1
github.com/melatonein5/DirHash/src/yara/yara.go:362.26,364.3 1 1
github.com/melatonein5/DirHash/src/yara/yara.go:365.2,365.67 1 1
github.com/melatonein5/DirHash/src/yara/yara.go:369.43,371.42 1 1
github.com/melatonein5/DirHash/src/yara/yara.go:371.42,372.93 1 1
github.com/melatonein5/DirHash/src/yara/yara.go:372.93,374.4 1 1
github.com/melatonein5/DirHash/src/yara/yara.go:375.3,375.13 1 1
github.com/melatonein5/DirHash/src/yara/yara.go:379.2,379.63 1 1
github.com/melatonein5/DirHash/src/yara/yara.go:379.63,381.3 1 1
github.com/melatonein5/DirHash/src/yara/yara.go:383.2,383.18 1 1
github.com/melatonein5/DirHash/src/yara/yara.go:383.18,385.3 1 1
github.com/melatonein5/DirHash/src/yara/yara.go:387.2,387.15 1 1
github.com/melatonein5/DirHash/src/yara/yara.go:391.45,394.42 2 1
github.com/melatonein5/DirHash/src/yara/yara.go:394.42,395.93 1 1
github.com/melatonein5/DirHash/src/yara/yara.go:395.93,397.4 1 1
github.com/melatonein5/DirHash/src/yara/yara.go:398.3,398.13 1 1
github.com/melatonein5/DirHash/src/yara/yara.go:401.2,401.63 1 1
github.com/melatonein5/DirHash/src/yara/yara.go:401.63,403.3 1 1
github.com/melatonein5/DirHash/src/yara/yara.go:405.2,405.18 1 1
github.com/melatonein5/DirHash/src/yara/yara.go:405.18,407.3 1 1
github.com/melatonein5/DirHash/src/yara/yara.go:409.2,409.15 1 1
github.com/melatonein5/DirHash/src/yara/yara.go:413.44,418.36 3 1
github.com/melatonein5/DirHash/src/yara/yara.go:418.36,419.22 1 1
github.com/melatonein5/DirHash/src/yara/yara.go:419.22,421.4 1 1
github.com/melatonein5/DirHash/src/yara/yara.go:424.2,424.34 1 1
github.com/melatonein5/DirHash/src/yara/yara.go:428.39,430.2 1 1
github.com/melatonein5/DirHash/src/kql/kql.go:111.47,123.2 1 1
github.com/melatonein5/DirHash/src/kql/kql.go:146.101,148.2 1 1
github.com/melatonein5/DirHash/src/kql/kql.go:174.137,175.21 1 1
github.com/melatonein5/DirHash/src/kql/kql.go:175.21,177.3 1 1
github.com/melatonein5/DirHash/src/kql/kql.go:179.2,179.21 1 1
github.com/melatonein5/DirHash/src/kql/kql.go:179.21,181.3 1 0
github.com/melatonein5/DirHash/src/kql/kql.go:184.2,190.29 4 1
github.com/melatonein5/DirHash/src/kql/kql.go:190.29,192.54 1 1
github.com/melatonein5/DirHash/src/kql/kql.go:192.54,194.4 1 1
github.com/melatonein5/DirHash/src/kql/kql.go:197.3,197.28 1 1
github.com/melatonein5/DirHash/src/kql/kql.go:197.28,198.49 1 1
github.com/melatonein5/DirHash/src/kql/kql.go:198.49,200.61 1 1
github.com/melatonein5/DirHash/src/kql/kql.go:200.61,201.14 1 0
github.com/melatonein5/DirHash/src/kql/kql.go:203.5,203.77 1 1
github.com/melatonein5/DirHash/src/kql/kql.go:203.77,204.14 1 0
github.com/melatonein5/DirHash/src/kql/kql.go:206.5,206.61 1 1
github.com/melatonein5/DirHash/src/kql/kql.go:212.2,213.32 2 1
github.com/melatonein5/DirHash/src/kql/kql.go:213.32,215.3 1 1
github.com/melatonein5/DirHash/src/kql/kql.go:218.2,233.33 3 1
github.com/melatonein5/DirHash/src/kql/kql.go:233.33,235.3 1 1
github.com/melatonein5/DirHash/src/kql/kql.go:236.2,240.16 3 1
github.com/melatonein5/DirHash/src/kql/kql.go:240.16,242.3 1 0
github.com/melatonein5/DirHash/src/kql/kql.go:243.2,248.19 3 1
github.com/melatonein5/DirHash/src/kql/kql.go:269.109,276.2 5 1
github.com/melatonein5/DirHash/src/kql/kql.go:298.41,302.25 2 1
github.com/melatonein5/DirHash/src/kql/kql.go:302.25,305.3 2 1
github.com/melatonein5/DirHash/src/kql/kql.go:308.2,310.34 2 1
github.com/melatonein5/DirHash/src/kql/kql.go:314.114,319.39 3 1
github.com/melatonein5/DirHash/src/kql/kql.go:319.39,323.30 2 1
github.com/melatonein5/DirHash/src/kql/kql.go:323.30,325.4 1 1
github.com/melatonein5/DirHash/src/kql/kql.go:328.3,331.48 2 1
github.com/melatonein5/DirHash/src/kql/kql.go:331.48,333.42 2 1
github.com/melatonein5/DirHash/src/kql/kql.go:333.42,334.24 1 1
github.com/melatonein5/DirHash/src/kql/kql.go:334.24,338.6 3 1
github.com/melatonein5/DirHash/src/kql/kql.go:340.4,340.31 1 1
github.com/melatonein5/DirHash/src/kql/kql.go:340.31,342.5 1 1
github.com/melatonein5/DirHash/src/kql/kql.go:346.3,346.53 1 1
github.com/melatonein5/DirHash/src/kql/kql.go:346.53,349.29 3 1
github.com/melatonein5/DirHash/src/kql/kql.go:349.29,351.5 1 1
github.com/melatonein5/DirHash/src/kql/kql.go:351.10,353.5 1 1
github.com/melatonein5/DirHash/src/kql/kql.go:357.3,357.26 1 1
github.com/melatonein5/DirHash/src/kql/kql.go:357.26,359.4 1 1
github.com/melatonein5/DirHash/src/kql/kql.go:362.3,367.66 3 1
github.com/melatonein5/DirHash/src/kql/kql.go:371.2,371.25 1 1
github.com/melatonein5/DirHash/src/kql/kql.go:371.25,373.3 1 1
github.com/melatonein5/DirHash/src/kql/kql.go:373.8,375.3 1 1
github.com/melatonein5/DirHash/src/kql/kql.go:378.2,379.28 2 1
github.com/melatonein5/DirHash/src/kql/kql.go:379.28,381.3 1 1
github.com/melatonein5/DirHash/src/kql/kql.go:383.2,383.44 1 1
github.com/melatonein5/DirHash/src/kql/kql.go:387.77,390.30 2 1
github.com/melatonein5/DirHash/src/kql/kql.go:390.30,392.3 1 1
github.com/melatonein5/DirHash/src/kql/kql.go:394.2,401.29 7 1
github.com/melatonein5/DirHash/src/kql/kql.go:401.29,404.3 2 1
github.com/melatonein5/DirHash/src/kql/kql.go:406.2,406.33 1 1
github.com/melatonein5/DirHash/src/kql/kql.go:406.33,408.3 1 1
github.com/melatonein5/DirHash/src/kql/kql.go:410.2,414.29 4 1
github.com/melatonein5/DirHash/src/kql/kql.go:414.29,419.3 4 1
github.com/melatonein5/DirHash/src/kql/kql.go:421.2,421.17 1 1
github.com/melatonein5/DirHash/src/kql/kql.go:427.42,429.42 1 1
github.com/melatonein5/DirHash/src/kql/kql.go:429.42,430.93 1 1
github.com/melatonein5/DirHash/src/kql/kql.go:430.93,432.4 1 1
github.com/melatonein5/DirHash/src/kql/kql.go:433.3,433.13 1 1
github.com/melatonein5/DirHash/src/kql/kql.go:437.2,437.61 1 1
github.com/melatonein5/DirHash/src/kql/kql.go:437.61,439.3 1 1
github.com/melatonein5/DirHash/src/kql/kql.go:441.2,441.15 1 1
github.com/melatonein5/DirHash/src/kql/kql.go:445.49,446.26 1 1
github.com/melatonein5/DirHash/src/kql/kql.go:446.26,447.16 1 1
github.com/melatonein5/DirHash/src/kql/kql.go:447.16,449.4 1 1
github.com/melatonein5/DirHash/src/kql/kql.go:451.2,451.14 1 1
github.com/melatonein5/DirHash/src/kql/kql.go:455.55,459.29 3 1
github.com/melatonein5/DirHash/src/kql/kql.go:459.29,460.18 1 1
github.com/melatonein5/DirHash/src/kql/kql.go:460.18,463.4 2 1
github.com/melatonein5/DirHash/src/kql/kql.go:466.2,467.15 2 1
github.com/melatonein5/DirHash/src/kql/kql.go:471.64,473.32 2 1
github.com/melatonein5/DirHash/src/kql/kql.go:473.32,475.3 1 1
github.com/melatonein5/DirHash/src/kql/kql.go:476.2,477.18 2 1
github.com/melatonein5/DirHash/src/kql/kql.go:481.46,483.28 2 1
github.com/melatonein5/DirHash/src/kql/kql.go:483.28,485.3 1 1
github.com/melatonein5/DirHash/src/kql/kql.go:486.2,486.15 1 1
github.com/melatonein5/DirHash/src/kql/kql.go:490.54,491.15 1 1
github.com/melatonein5/DirHash/src/kql/kql.go:492.26,493.19 1 1
github.com/melatonein5/DirHash/src/kql/kql.go:494.14,495.16 1 1
github.com/melatonein5/DirHash/src/kql/kql.go:496.15,497.17 1 1
github.com/melatonein5/DirHash/src/kql/kql.go:498.17,499.19 1 1
github.com/melatonein5/DirHash/src/kql/kql.go:500.11,501.19 1 1
github.com/melatonein5/DirHash/src/kql/kql.go:503.24,504.20 1 1
github.com/melatonein5/DirHash/src/kql/kql.go:505.27,506.20 1 0
github.com/melatonein5/DirHash/src/kql/kql.go:507.10,508.58 1 0
github.com/melatonein5/DirHash/src/kql/kql.go:513.48,514.15 1 1
github.com/melatonein5/DirHash/src/kql/kql.go:515.26,516.20 1 1
github.com/melatonein5/DirHash/src/kql/kql.go:517.24,518.20 1 1
github.com/melatonein5/DirHash/src/kql/kql.go:519.27,520.20 1 0
github.com/melatonein5/DirHash/src/kql/kql.go:521.10,522.20 1 0
github.com/melatonein5/DirHash/src/kql/kql.go:527.44,528.15 1 1
github.com/melatonein5/DirHash/src/kql/kql.go:529.26,530.110 1 1
github.com/melatonein5/DirHash/src/kql/kql.go:531.24,532.76 1 1
github.com/melatonein5/DirHash/src/kql/kql.go:533.27,534.76 1 0
github.com/melatonein5/DirHash/src/kql/kql.go:535.10,536.50 1 0
github.com/melatonein5/DirHash/src/files/enumerate_files.go:10.50,14.81 2 1
github.com/melatonein5/DirHash/src/files/enumerate_files.go:14.81,15.17 1 1
github.com/melatonein5/DirHash/src/files/enumerate_files.go:15.17,18.19 2 1
github.com/melatonein5/DirHash/src/files/enumerate_files.go:18.19,20.5 1 1
github.com/melatonein5/DirHash/src/files/enumerate_files.go:22.4,22.14 1 0
github.com/melatonein5/DirHash/src/files/enumerate_files.go:26.3,26.20 1 1
github.com/melatonein5/DirHash/src/files/enumerate_files.go:26.20,29.4 2 1
github.com/melatonein5/DirHash/src/files/enumerate_files.go:30.3,30.13 1 1
github.com/melatonein5/DirHash/src/files/enumerate_files.go:33.2,33.16 1 1
github.com/melatonein5/DirHash/src/files/enumerate_files.go:33.16,35.3 1 1
github.com/melatonein5/DirHash/src/files/enumerate_files.go:37.2,37.19 1 1
github.com/melatonein5/DirHash/src/files/file.go:102.65,110.2 1 1
github.com/melatonein5/DirHash/src/files/file.go:135.47,142.2 1 1
github.com/melatonein5/DirHash/src/files/hash_files.go:18.65,19.21 1 1
github.com/melatonein5/DirHash/src/files/hash_files.go:19.21,21.3 1 1
github.com/melatonein5/DirHash/src/files/hash_files.go:24.2,25.48 2 1
github.com/melatonein5/DirHash/src/files/hash_files.go:25.48,27.3 1 1
github.com/melatonein5/DirHash/src/files/hash_files.go:30.2,32.33 3 1
github.com/melatonein5/DirHash/src/files/hash_files.go:32.33,33.46 1 1
github.com/melatonein5/DirHash/src/files/hash_files.go:33.46,36.4 2 1
github.com/melatonein5/DirHash/src/files/hash_files.go:36.9,38.4 1 1
github.com/melatonein5/DirHash/src/files/hash_files.go:41.2,41.26 1 1
github.com/melatonein5/DirHash/src/files/hash_files.go:41.26,43.3 1 1
github.com/melatonein5/DirHash/src/files/hash_files.go:46.2,47.29 2 1
github.com/melatonein5/DirHash/src/files/hash_files.go:47.29,49.3 1 1
github.com/melatonein5/DirHash/src/files/hash_files.go:52.2,58.34 5 1
github.com/melatonein5/DirHash/src/files/hash_files.go:58.34,61.3 2 1
github.com/melatonein5/DirHash/src/files/hash_files.go:64.2,64.12 1 1
github.com/melatonein5/DirHash/src/files/hash_files.go:64.12,65.30 1 1
github.com/melatonein5/DirHash/src/files/hash_files.go:65.30,67.4 1 1
github.com/melatonein5/DirHash/src/files/hash_files.go:68.3,68.18 1 1
github.com/melatonein5/DirHash/src/files/hash_files.go:72.2,72.12 1 1
github.com/melatonein5/DirHash/src/files/hash_files.go:72.12,76.3 3 1
github.com/melatonein5/DirHash/src/files/hash_files.go:79.2,82.6 3 1
github.com/melatonein5/DirHash/src/files/hash_files.go:82.6,83.10 1 1
github.com/melatonein5/DirHash/src/files/hash_files.go:84.33,85.11 1 1
github.com/melatonein5/DirHash/src/files/hash_files.go:85.11,87.5 1 1
github.com/melatonein5/DirHash/src/files/hash_files.go:87.10,89.5 1 1
github.com/melatonein5/DirHash/src/files/hash_files.go:90.31,91.11 1 1
github.com/melatonein5/DirHash/src/files/hash_files.go:91.11,93.5 1 1
github.com/melatonein5/DirHash/src/files/hash_files.go:93.10,93.25 1 1
github.com/melatonein5/DirHash/src/files/hash_files.go:93.25,95.5 1 1
github.com/melatonein5/DirHash/src/files/hash_files.go:98.3,98.44 1 1
github.com/melatonein5/DirHash/src/files/hash_files.go:98.44,99.9 1 1
github.com/melatonein5/DirHash/src/files/hash_files.go:104.2,104.21 1 1
github.com/melatonein5/DirHash/src/files/hash_files.go:104.21,106.3 1 1
github.com/melatonein5/DirHash/src/files/hash_files.go:108.2,108.20 1 1
github.com/melatonein5/DirHash/src/files/hash_files.go:112.147,115.29 2 1
github.com/melatonein5/DirHash/src/files/hash_files.go:115.29,116.73 1 1
github.com/melatonein5/DirHash/src/files/hash_files.go:116.73,119.12 3 1
github.com/melatonein5/DirHash/src/files/hash_files.go:121.3,121.21 1 1
github.com/melatonein5/DirHash/src/files/hash_files.go:126.81,129.16 2 1
github.com/melatonein5/DirHash/src/files/hash_files.go:129.16,131.3 1 1
github.com/melatonein5/DirHash/src/files/hash_files.go:132.2,138.34 4 1
github.com/melatonein5/DirHash/src/files/hash_files.go:138.34,139.15 1 1
github.com/melatonein5/DirHash/src/files/hash_files.go:140.10,141.26 1 1
github.com/melatonein5/DirHash/src/files/hash_files.go:142.10,143.27 1 1
github.com/melatonein5/DirHash/src/files/hash_files.go:144.10,145.29 1 1
github.com/melatonein5/DirHash/src/files/hash_files.go:146.10,147.29 1 1
github.com/melatonein5/DirHash/src/files/hash_files.go:148.11,149.56 1 0
github.com/melatonein5/DirHash/src/files/hash_files.go:151.3,151.26 1 1
github.com/melatonein5/DirHash/src/files/hash_files.go:155.2,158.51 2 1
github.com/melatonein5/DirHash/src/files/hash_files.go:158.51,160.3 1 0
github.com/melatonein5/DirHash/src/files/hash_files.go:163.2,163.33 1 1
github.com/melatonein5/DirHash/src/files/hash_files.go:163.33,165.3 1 1
github.com/melatonein5/DirHash/src/files/hash_files.go:167.2,167.12 1 1
github.com/melatonein5/DirHash/src/files/write_output.go:11.58,14.16 2 1
github.com/melatonein5/DirHash/src/files/write_output.go:14.16,16.3 1 1
github.com/melatonein5/DirHash/src/files/write_output.go:17.2,25.45 5 1
github.com/melatonein5/DirHash/src/files/write_output.go:25.45,27.3 1 0
github.com/melatonein5/DirHash/src/files/write_output.go:30.2,30.26 1 1
github.com/melatonein5/DirHash/src/files/write_output.go:30.26,31.25 1 1
github.com/melatonein5/DirHash/src/files/write_output.go:31.25,34.47 2 1
github.com/melatonein5/DirHash/src/files/write_output.go:34.47,36.5 1 0
github.com/melatonein5/DirHash/src/files/write_output.go:37.9,40.35 2 1
github.com/melatonein5/DirHash/src/files/write_output.go:40.35,42.5 1 1
github.com/melatonein5/DirHash/src/files/write_output.go:43.4,46.39 2 1
github.com/melatonein5/DirHash/src/files/write_output.go:46.39,54.48 2 1
github.com/melatonein5/DirHash/src/files/write_output.go:54.48,56.6 1 0
github.com/melatonein5/DirHash/src/files/write_output.go:61.2,61.12 1 1
github.com/melatonein5/DirHash/src/files/write_output.go:65.67,67.16 2 1
github.com/melatonein5/DirHash/src/files/write_output.go:67.16,69.3 1 0
github.com/melatonein5/DirHash/src/files/write_output.go:70.2,77.26 5 1
github.com/melatonein5/DirHash/src/files/write_output.go:77.26,78.34 1 1
github.com/melatonein5/DirHash/src/files/write_output.go:78.34,80.4 1 1
github.com/melatonein5/DirHash/src/files/write_output.go:84.2,85.36 2 1
github.com/melatonein5/DirHash/src/files/write_output.go:85.36,87.3 1 1
github.com/melatonein5/DirHash/src/files/write_output.go:88.2,92.37 3 1
github.com/melatonein5/DirHash/src/files/write_output.go:92.37,94.3 1 1
github.com/melatonein5/DirHash/src/files/write_output.go:95.2,95.45 1 1
github.com/melatonein5/DirHash/src/files/write_output.go:95.45,97.3 1 0
github.com/melatonein5/DirHash/src/files/write_output.go:100.2,100.26 1 1
github.com/melatonein5/DirHash/src/files/write_output.go:100.26,104.38 2 1
github.com/melatonein5/DirHash/src/files/write_output.go:104.38,105.50 1 1
github.com/melatonein5/DirHash/src/files/write_output.go:105.50,107.5 1 1
github.com/melatonein5/DirHash/src/files/write_output.go:107.10,109.5 1 1
github.com/melatonein5/DirHash/src/files/write_output.go:112.3,112.46 1 1
github.com/melatonein5/DirHash/src/files/write_output.go:112.46,114.4 1 0
github.com/melatonein5/DirHash/src/files/write_output.go:117.2,117.12 1 1
github.com/melatonein5/DirHash/src/files/write_output.go:121.64,123.16 2 1
github.com/melatonein5/DirHash/src/files/write_output.go:123.16,125.3 1 0
github.com/melatonein5/DirHash/src/files/write_output.go:126.2,133.45 5 1
github.com/melatonein5/DirHash/src/files/write_output.go:133.45,135.3 1 0
github.com/melatonein5/DirHash/src/files/write_output.go:138.2,138.26 1 1
github.com/melatonein5/DirHash/src/files/write_output.go:138.26,149.46 2 1
github.com/melatonein5/DirHash/src/files/write_output.go:149.46,151.4 1 0
github.com/melatonein5/DirHash/src/files/write_output.go:154.2,154.12 1 1
github.com/melatonein5/DirHash/src/files/write_output.go:158.71,159.46 1 1
github.com/melatonein5/DirHash/src/files/write_output.go:159.46,161.3 1 1
github.com/melatonein5/DirHash/src/files/write_output.go:162.2,162.11 1 1
